<?xml version="1.0" encoding="UTF-8"?>
<coverage generated="1662849261">
  <project timestamp="1662849261">
    <file name="/var/code/src/VPA/Console/Color.php">
      <class name="VPA\Console\Color" namespace="global">
        <metrics complexity="0" methods="0" coveredmethods="0" conditionals="0" coveredconditionals="0" statements="0" coveredstatements="0" elements="0" coveredelements="0"/>
      </class>
      <metrics loc="16" ncloc="16" classes="0" methods="0" coveredmethods="0" conditionals="0" coveredconditionals="0" statements="0" coveredstatements="0" elements="0" coveredelements="0"/>
    </file>
    <file name="/var/code/src/VPA/Console/Components/Table1D.php">
      <class name="VPA\Console\Components\Table1D" namespace="global">
        <metrics complexity="21" methods="7" coveredmethods="6" conditionals="0" coveredconditionals="0" statements="83" coveredstatements="82" elements="90" coveredelements="88"/>
      </class>
      <line num="24" type="method" name="__construct" visibility="public" complexity="1" crap="1" count="8"/>
      <line num="26" type="stmt" count="8"/>
      <line num="27" type="stmt" count="8"/>
      <line num="28" type="stmt" count="8"/>
      <line num="30" type="stmt" count="8"/>
      <line num="38" type="stmt" count="8"/>
      <line num="49" type="method" name="setHeader" visibility="public" complexity="3" crap="3" count="2"/>
      <line num="51" type="stmt" count="2"/>
      <line num="52" type="stmt" count="2"/>
      <line num="53" type="stmt" count="1"/>
      <line num="54" type="stmt" count="1"/>
      <line num="55" type="stmt" count="1"/>
      <line num="57" type="stmt" count="2"/>
      <line num="58" type="stmt" count="2"/>
      <line num="59" type="stmt" count="2"/>
      <line num="62" type="method" name="getHeader" visibility="public" complexity="1" crap="1" count="1"/>
      <line num="64" type="stmt" count="1"/>
      <line num="67" type="method" name="getAutoColumnsNum" visibility="private" complexity="2" crap="2" count="7"/>
      <line num="69" type="stmt" count="7"/>
      <line num="70" type="stmt" count="7"/>
      <line num="71" type="stmt" count="7"/>
      <line num="72" type="stmt" count="7"/>
      <line num="73" type="stmt" count="7"/>
      <line num="74" type="stmt" count="7"/>
      <line num="75" type="stmt" count="7"/>
      <line num="77" type="stmt" count="7"/>
      <line num="78" type="stmt" count="1"/>
      <line num="80" type="stmt" count="7"/>
      <line num="81" type="stmt" count="1"/>
      <line num="82" type="stmt" count="1"/>
      <line num="83" type="stmt" count="1"/>
      <line num="84" type="stmt" count="1"/>
      <line num="85" type="stmt" count="1"/>
      <line num="86" type="stmt" count="1"/>
      <line num="87" type="stmt" count="1"/>
      <line num="88" type="stmt" count="1"/>
      <line num="89" type="stmt" count="1"/>
      <line num="90" type="stmt" count="1"/>
      <line num="92" type="stmt" count="6"/>
      <line num="95" type="method" name="setData" visibility="public" complexity="7" crap="7" count="7"/>
      <line num="97" type="stmt" count="7"/>
      <line num="98" type="stmt" count="7"/>
      <line num="99" type="stmt" count="7"/>
      <line num="100" type="stmt" count="7"/>
      <line num="102" type="stmt" count="7"/>
      <line num="104" type="stmt" count="7"/>
      <line num="105" type="stmt" count="5"/>
      <line num="106" type="stmt" count="5"/>
      <line num="107" type="stmt" count="5"/>
      <line num="108" type="stmt" count="5"/>
      <line num="109" type="stmt" count="2"/>
      <line num="110" type="stmt" count="1"/>
      <line num="111" type="stmt" count="1"/>
      <line num="112" type="stmt" count="1"/>
      <line num="113" type="stmt" count="1"/>
      <line num="114" type="stmt" count="1"/>
      <line num="117" type="stmt" count="7"/>
      <line num="118" type="stmt" count="1"/>
      <line num="119" type="stmt" count="1"/>
      <line num="120" type="stmt" count="1"/>
      <line num="123" type="stmt" count="7"/>
      <line num="124" type="stmt" count="7"/>
      <line num="126" type="stmt" count="7"/>
      <line num="127" type="stmt" count="7"/>
      <line num="128" type="stmt" count="7"/>
      <line num="129" type="stmt" count="7"/>
      <line num="130" type="stmt" count="7"/>
      <line num="131" type="stmt" count="7"/>
      <line num="133" type="stmt" count="0"/>
      <line num="137" type="stmt" count="7"/>
      <line num="140" type="method" name="output" visibility="public" complexity="1" crap="1" count="1"/>
      <line num="142" type="stmt" count="1"/>
      <line num="143" type="stmt" count="1"/>
      <line num="144" type="stmt" count="1"/>
      <line num="147" type="method" name="addCells" visibility="private" complexity="6" crap="6" count="7"/>
      <line num="155" type="stmt" count="7"/>
      <line num="156" type="stmt" count="7"/>
      <line num="157" type="stmt" count="7"/>
      <line num="158" type="stmt" count="7"/>
      <line num="159" type="stmt" count="7"/>
      <line num="160" type="stmt" count="7"/>
      <line num="161" type="stmt" count="7"/>
      <line num="162" type="stmt" count="7"/>
      <line num="163" type="stmt" count="7"/>
      <line num="164" type="stmt" count="7"/>
      <line num="165" type="stmt" count="7"/>
      <line num="166" type="stmt" count="7"/>
      <line num="167" type="stmt" count="7"/>
      <line num="168" type="stmt" count="7"/>
      <metrics loc="171" ncloc="163" classes="1" methods="7" coveredmethods="6" conditionals="0" coveredconditionals="0" statements="83" coveredstatements="82" elements="90" coveredelements="88"/>
    </file>
    <file name="/var/code/src/VPA/Console/FrameConfig.php">
      <class name="VPA\Console\FrameConfig" namespace="global">
        <metrics complexity="2" methods="2" coveredmethods="2" conditionals="0" coveredconditionals="0" statements="14" coveredstatements="14" elements="16" coveredelements="16"/>
      </class>
      <line num="23" type="method" name="__construct" visibility="public" complexity="1" crap="1" count="1"/>
      <line num="25" type="stmt" count="1"/>
      <line num="26" type="stmt" count="1"/>
      <line num="27" type="stmt" count="1"/>
      <line num="28" type="stmt" count="1"/>
      <line num="29" type="stmt" count="1"/>
      <line num="30" type="stmt" count="1"/>
      <line num="32" type="stmt" count="1"/>
      <line num="33" type="stmt" count="1"/>
      <line num="34" type="stmt" count="1"/>
      <line num="35" type="stmt" count="1"/>
      <line num="36" type="stmt" count="1"/>
      <line num="37" type="stmt" count="1"/>
      <line num="41" type="method" name="__get" visibility="public" complexity="1" crap="1" count="1"/>
      <line num="43" type="stmt" count="1"/>
      <metrics loc="45" ncloc="45" classes="1" methods="2" coveredmethods="2" conditionals="0" coveredconditionals="0" statements="14" coveredstatements="14" elements="16" coveredelements="16"/>
    </file>
    <file name="/var/code/src/VPA/Console/FrameConfigInterface.php">
      <metrics loc="13" ncloc="13" classes="0" methods="0" coveredmethods="0" conditionals="0" coveredconditionals="0" statements="0" coveredstatements="0" elements="0" coveredelements="0"/>
    </file>
    <file name="/var/code/src/VPA/Console/FrameConsoleConfig.php">
      <class name="VPA\Console\FrameConsoleConfig" namespace="global">
        <metrics complexity="2" methods="2" coveredmethods="2" conditionals="0" coveredconditionals="0" statements="14" coveredstatements="14" elements="16" coveredelements="16"/>
      </class>
      <line num="27" type="method" name="__construct" visibility="public" complexity="1" crap="1" count="55"/>
      <line num="29" type="stmt" count="55"/>
      <line num="30" type="stmt" count="55"/>
      <line num="31" type="stmt" count="55"/>
      <line num="32" type="stmt" count="55"/>
      <line num="33" type="stmt" count="55"/>
      <line num="34" type="stmt" count="55"/>
      <line num="36" type="stmt" count="55"/>
      <line num="37" type="stmt" count="55"/>
      <line num="38" type="stmt" count="55"/>
      <line num="39" type="stmt" count="55"/>
      <line num="40" type="stmt" count="55"/>
      <line num="41" type="stmt" count="55"/>
      <line num="44" type="method" name="__get" visibility="public" complexity="1" crap="1" count="25"/>
      <line num="46" type="stmt" count="25"/>
      <metrics loc="49" ncloc="46" classes="1" methods="2" coveredmethods="2" conditionals="0" coveredconditionals="0" statements="14" coveredstatements="14" elements="16" coveredelements="16"/>
    </file>
    <file name="/var/code/src/VPA/Console/FrameSymbol.php">
      <class name="VPA\Console\FrameSymbol" namespace="global">
        <metrics complexity="3" methods="3" coveredmethods="3" conditionals="0" coveredconditionals="0" statements="5" coveredstatements="5" elements="8" coveredelements="8"/>
      </class>
      <line num="7" type="method" name="__construct" visibility="public" complexity="1" crap="1" count="56"/>
      <line num="9" type="stmt" count="56"/>
      <line num="12" type="method" name="getAlias" visibility="public" complexity="1" crap="1" count="9"/>
      <line num="14" type="stmt" count="9"/>
      <line num="17" type="method" name="__toString" visibility="public" complexity="1" crap="1" count="2"/>
      <line num="19" type="stmt" count="2"/>
      <line num="20" type="stmt" count="2"/>
      <metrics loc="23" ncloc="23" classes="1" methods="3" coveredmethods="3" conditionals="0" coveredconditionals="0" statements="5" coveredstatements="5" elements="8" coveredelements="8"/>
    </file>
    <file name="/var/code/src/VPA/Console/Glyphs/Cell.php">
      <class name="VPA\Console\Glyphs\Cell" namespace="global">
        <metrics complexity="6" methods="2" coveredmethods="2" conditionals="0" coveredconditionals="0" statements="15" coveredstatements="15" elements="17" coveredelements="17"/>
      </class>
      <line num="7" type="method" name="getWidthByContent" visibility="public" complexity="3" crap="3" count="9"/>
      <line num="9" type="stmt" count="9"/>
      <line num="10" type="stmt" count="9"/>
      <line num="11" type="stmt" count="8"/>
      <line num="14" type="stmt" count="9"/>
      <line num="15" type="stmt" count="9"/>
      <line num="17" type="stmt" count="9"/>
      <line num="18" type="stmt" count="9"/>
      <line num="21" type="method" name="getHeightByContent" visibility="public" complexity="3" crap="3" count="10"/>
      <line num="23" type="stmt" count="10"/>
      <line num="24" type="stmt" count="10"/>
      <line num="25" type="stmt" count="10"/>
      <line num="26" type="stmt" count="8"/>
      <line num="28" type="stmt" count="10"/>
      <line num="29" type="stmt" count="10"/>
      <line num="31" type="stmt" count="10"/>
      <line num="32" type="stmt" count="10"/>
      <metrics loc="35" ncloc="35" classes="1" methods="2" coveredmethods="2" conditionals="0" coveredconditionals="0" statements="15" coveredstatements="15" elements="17" coveredelements="17"/>
    </file>
    <file name="/var/code/src/VPA/Console/Glyphs/Div.php">
      <class name="VPA\Console\Glyphs\Div" namespace="global">
        <metrics complexity="0" methods="0" coveredmethods="0" conditionals="0" coveredconditionals="0" statements="0" coveredstatements="0" elements="0" coveredelements="0"/>
      </class>
      <metrics loc="9" ncloc="9" classes="0" methods="0" coveredmethods="0" conditionals="0" coveredconditionals="0" statements="0" coveredstatements="0" elements="0" coveredelements="0"/>
    </file>
    <file name="/var/code/src/VPA/Console/Glyphs/Glyph.php">
      <class name="VPA\Console\Glyphs\Glyph" namespace="global">
        <metrics complexity="50" methods="29" coveredmethods="27" conditionals="0" coveredconditionals="0" statements="93" coveredstatements="91" elements="122" coveredelements="118"/>
      </class>
      <line num="40" type="method" name="__construct" visibility="public" complexity="1" crap="1" count="54"/>
      <line num="42" type="stmt" count="54"/>
      <line num="55" type="method" name="__isset" visibility="public" complexity="1" crap="1" count="39"/>
      <line num="57" type="stmt" count="39"/>
      <line num="60" type="method" name="__set" visibility="public" complexity="2" crap="2" count="38"/>
      <line num="62" type="stmt" count="38"/>
      <line num="63" type="stmt" count="37"/>
      <line num="64" type="stmt" count="37"/>
      <line num="66" type="stmt" count="1"/>
      <line num="67" type="stmt" count="1"/>
      <line num="70" type="stmt" count="1"/>
      <line num="75" type="method" name="__get" visibility="public" complexity="1" crap="1" count="51"/>
      <line num="77" type="stmt" count="51"/>
      <line num="80" type="method" name="setConfig" visibility="public" complexity="1" crap="1" count="37"/>
      <line num="82" type="stmt" count="37"/>
      <line num="83" type="stmt" count="37"/>
      <line num="86" type="method" name="getConfig" visibility="public" complexity="1" crap="1" count="46"/>
      <line num="88" type="stmt" count="46"/>
      <line num="91" type="method" name="addChild" visibility="public" complexity="1" crap="1" count="28"/>
      <line num="93" type="stmt" count="28"/>
      <line num="94" type="stmt" count="28"/>
      <line num="95" type="stmt" count="28"/>
      <line num="98" type="method" name="getChildren" visibility="public" complexity="1" crap="1" count="26"/>
      <line num="100" type="stmt" count="26"/>
      <line num="103" type="method" name="assign" visibility="public" complexity="2" crap="2" count="14"/>
      <line num="105" type="stmt" count="14"/>
      <line num="106" type="stmt" count="1"/>
      <line num="108" type="stmt" count="14"/>
      <line num="109" type="stmt" count="14"/>
      <line num="110" type="stmt" count="14"/>
      <line num="113" type="method" name="display" visibility="public" complexity="1" crap="1" count="3"/>
      <line num="115" type="stmt" count="3"/>
      <line num="116" type="stmt" count="3"/>
      <line num="119" type="method" name="render" visibility="public" complexity="3" crap="3" count="14"/>
      <line num="121" type="stmt" count="14"/>
      <line num="122" type="stmt" count="14"/>
      <line num="123" type="stmt" count="14"/>
      <line num="125" type="stmt" count="14"/>
      <line num="126" type="stmt" count="14"/>
      <line num="128" type="stmt" count="14"/>
      <line num="129" type="stmt" count="14"/>
      <line num="131" type="stmt" count="14"/>
      <line num="132" type="stmt" count="13"/>
      <line num="134" type="stmt" count="14"/>
      <line num="137" type="method" name="isFirstSibling" visibility="public" complexity="2" crap="2" count="1"/>
      <line num="139" type="stmt" count="1"/>
      <line num="140" type="stmt" count="1"/>
      <line num="143" type="method" name="isLastSibling" visibility="public" complexity="2" crap="2" count="1"/>
      <line num="145" type="stmt" count="1"/>
      <line num="146" type="stmt" count="1"/>
      <line num="149" type="method" name="ifFirstSibling" visibility="public" complexity="4" crap="4" count="2"/>
      <line num="151" type="stmt" count="2"/>
      <line num="152" type="stmt" count="1"/>
      <line num="154" type="stmt" count="1"/>
      <line num="155" type="stmt" count="1"/>
      <line num="156" type="stmt" count="1"/>
      <line num="157" type="stmt" count="1"/>
      <line num="160" type="stmt" count="1"/>
      <line num="163" type="method" name="ifLastSibling" visibility="public" complexity="4" crap="4" count="2"/>
      <line num="165" type="stmt" count="2"/>
      <line num="166" type="stmt" count="1"/>
      <line num="168" type="stmt" count="1"/>
      <line num="169" type="stmt" count="1"/>
      <line num="170" type="stmt" count="1"/>
      <line num="171" type="stmt" count="1"/>
      <line num="174" type="stmt" count="1"/>
      <line num="177" type="method" name="getDocumentWidth" visibility="public" complexity="2" crap="2" count="2"/>
      <line num="179" type="stmt" count="2"/>
      <line num="180" type="stmt" count="1"/>
      <line num="182" type="stmt" count="1"/>
      <line num="186" type="method" name="printMap" visibility="protected" complexity="2" crap="2" count="3"/>
      <line num="188" type="stmt" count="3"/>
      <line num="189" type="stmt" count="3"/>
      <line num="193" type="method" name="getWidthByContent" visibility="public" complexity="2" crap="2.06" count="17"/>
      <line num="195" type="stmt" count="17"/>
      <line num="196" type="stmt" count="17"/>
      <line num="197" type="stmt" count="0"/>
      <line num="199" type="stmt" count="17"/>
      <line num="202" type="method" name="getHeightByContent" visibility="public" complexity="2" crap="2.06" count="23"/>
      <line num="204" type="stmt" count="23"/>
      <line num="205" type="stmt" count="23"/>
      <line num="206" type="stmt" count="0"/>
      <line num="208" type="stmt" count="23"/>
      <line num="211" type="method" name="gc" visibility="protected" complexity="2" crap="2" count="24"/>
      <line num="213" type="stmt" count="24"/>
      <line num="214" type="stmt" count="24"/>
      <line num="215" type="stmt" count="14"/>
      <line num="217" type="stmt" count="16"/>
      <line num="221" type="method" name="getWidth" visibility="public" complexity="1" crap="1" count="34"/>
      <line num="223" type="stmt" count="34"/>
      <line num="226" type="method" name="setX" visibility="public" complexity="1" crap="1" count="18"/>
      <line num="228" type="stmt" count="18"/>
      <line num="231" type="method" name="setY" visibility="public" complexity="1" crap="1" count="23"/>
      <line num="233" type="stmt" count="23"/>
      <line num="236" type="method" name="setWidth" visibility="public" complexity="3" crap="3" count="13"/>
      <line num="238" type="stmt" count="13"/>
      <line num="239" type="stmt" count="13"/>
      <line num="240" type="stmt" count="12"/>
      <line num="242" type="stmt" count="1"/>
      <line num="244" type="stmt" count="13"/>
      <line num="245" type="stmt" count="9"/>
      <line num="247" type="stmt" count="13"/>
      <line num="248" type="stmt" count="13"/>
      <line num="251" type="method" name="getHeight" visibility="public" complexity="1" crap="1" count="17"/>
      <line num="253" type="stmt" count="17"/>
      <line num="256" type="method" name="setHeight" visibility="public" complexity="1" crap="1" count="10"/>
      <line num="258" type="stmt" count="10"/>
      <line num="259" type="stmt" count="10"/>
      <line num="260" type="stmt" count="10"/>
      <line num="263" type="method" name="setParent" visibility="public" complexity="1" crap="1" count="28"/>
      <line num="265" type="stmt" count="28"/>
      <line num="268" type="method" name="getParent" visibility="public" complexity="1" crap="1" count="31"/>
      <line num="270" type="stmt" count="31"/>
      <line num="273" type="method" name="mergeMaps" visibility="private" complexity="3" crap="3" count="13"/>
      <line num="275" type="stmt" count="13"/>
      <line num="276" type="stmt" count="13"/>
      <line num="277" type="stmt" count="13"/>
      <line num="278" type="stmt" count="13"/>
      <line num="279" type="stmt" count="13"/>
      <line num="280" type="stmt" count="13"/>
      <line num="281" type="stmt" count="13"/>
      <metrics loc="286" ncloc="286" classes="1" methods="29" coveredmethods="27" conditionals="0" coveredconditionals="0" statements="93" coveredstatements="91" elements="122" coveredelements="118"/>
    </file>
    <file name="/var/code/src/VPA/Console/Glyphs/GlyphBlock.php">
      <class name="VPA\Console\Glyphs\GlyphBlock" namespace="global">
        <metrics complexity="55" methods="23" coveredmethods="23" conditionals="0" coveredconditionals="0" statements="118" coveredstatements="118" elements="141" coveredelements="141"/>
      </class>
      <line num="18" type="method" name="__construct" visibility="public" complexity="1" crap="1" count="46"/>
      <line num="20" type="stmt" count="46"/>
      <line num="21" type="stmt" count="46"/>
      <line num="22" type="stmt" count="46"/>
      <line num="24" type="stmt" count="46"/>
      <line num="36" type="stmt" count="46"/>
      <line num="37" type="stmt" count="46"/>
      <line num="40" type="method" name="getContentWidth" visibility="public" complexity="1" crap="1" count="26"/>
      <line num="42" type="stmt" count="26"/>
      <line num="45" type="method" name="getDeltaWidth" visibility="public" complexity="1" crap="1" count="29"/>
      <line num="47" type="stmt" count="29"/>
      <line num="50" type="method" name="getDeltaHeight" visibility="public" complexity="1" crap="1" count="19"/>
      <line num="52" type="stmt" count="19"/>
      <line num="56" type="method" name="getContentHeight" visibility="public" complexity="1" crap="1" count="1"/>
      <line num="58" type="stmt" count="1"/>
      <line num="61" type="method" name="calculateDeltaWidth" visibility="private" complexity="1" crap="1" count="46"/>
      <line num="63" type="stmt" count="46"/>
      <line num="64" type="stmt" count="46"/>
      <line num="65" type="stmt" count="46"/>
      <line num="66" type="stmt" count="46"/>
      <line num="69" type="method" name="calculateDeltaHeight" visibility="private" complexity="1" crap="1" count="46"/>
      <line num="71" type="stmt" count="46"/>
      <line num="72" type="stmt" count="46"/>
      <line num="73" type="stmt" count="46"/>
      <line num="74" type="stmt" count="46"/>
      <line num="77" type="method" name="setPadding" visibility="public" complexity="1" crap="1" count="11"/>
      <line num="79" type="stmt" count="11"/>
      <line num="80" type="stmt" count="11"/>
      <line num="81" type="stmt" count="11"/>
      <line num="82" type="stmt" count="11"/>
      <line num="83" type="stmt" count="11"/>
      <line num="84" type="stmt" count="11"/>
      <line num="85" type="stmt" count="11"/>
      <line num="88" type="method" name="setBorder" visibility="public" complexity="1" crap="1" count="11"/>
      <line num="90" type="stmt" count="11"/>
      <line num="91" type="stmt" count="11"/>
      <line num="92" type="stmt" count="11"/>
      <line num="93" type="stmt" count="11"/>
      <line num="94" type="stmt" count="11"/>
      <line num="95" type="stmt" count="11"/>
      <line num="96" type="stmt" count="11"/>
      <line num="99" type="method" name="appendWidth" visibility="public" complexity="1" crap="1" count="11"/>
      <line num="101" type="stmt" count="11"/>
      <line num="102" type="stmt" count="11"/>
      <line num="103" type="stmt" count="11"/>
      <line num="106" type="method" name="appendHeight" visibility="public" complexity="1" crap="1" count="11"/>
      <line num="108" type="stmt" count="11"/>
      <line num="109" type="stmt" count="11"/>
      <line num="110" type="stmt" count="11"/>
      <line num="113" type="method" name="getWidthByContent" visibility="public" complexity="4" crap="4" count="17"/>
      <line num="115" type="stmt" count="17"/>
      <line num="116" type="stmt" count="5"/>
      <line num="118" type="stmt" count="15"/>
      <line num="119" type="stmt" count="15"/>
      <line num="120" type="stmt" count="15"/>
      <line num="121" type="stmt" count="15"/>
      <line num="122" type="stmt" count="12"/>
      <line num="123" type="stmt" count="12"/>
      <line num="125" type="stmt" count="15"/>
      <line num="126" type="stmt" count="15"/>
      <line num="127" type="stmt" count="15"/>
      <line num="130" type="method" name="getHeightByContent" visibility="public" complexity="3" crap="3" count="19"/>
      <line num="132" type="stmt" count="19"/>
      <line num="133" type="stmt" count="3"/>
      <line num="135" type="stmt" count="19"/>
      <line num="136" type="stmt" count="19"/>
      <line num="137" type="stmt" count="19"/>
      <line num="138" type="stmt" count="19"/>
      <line num="139" type="stmt" count="19"/>
      <line num="140" type="stmt" count="19"/>
      <line num="141" type="stmt" count="16"/>
      <line num="142" type="stmt" count="16"/>
      <line num="143" type="stmt" count="16"/>
      <line num="145" type="stmt" count="19"/>
      <line num="146" type="stmt" count="19"/>
      <line num="147" type="stmt" count="19"/>
      <line num="150" type="method" name="render" visibility="public" complexity="1" crap="1" count="14"/>
      <line num="152" type="stmt" count="14"/>
      <line num="153" type="stmt" count="14"/>
      <line num="154" type="stmt" count="14"/>
      <line num="155" type="stmt" count="14"/>
      <line num="156" type="stmt" count="14"/>
      <line num="157" type="stmt" count="14"/>
      <line num="160" type="method" name="renderBorder" visibility="protected" complexity="1" crap="1" count="14"/>
      <line num="162" type="stmt" count="14"/>
      <line num="163" type="stmt" count="14"/>
      <line num="164" type="stmt" count="14"/>
      <line num="165" type="stmt" count="14"/>
      <line num="168" type="method" name="renderBorderTop" visibility="private" complexity="3" crap="3" count="14"/>
      <line num="170" type="stmt" count="14"/>
      <line num="171" type="stmt" count="8"/>
      <line num="172" type="stmt" count="8"/>
      <line num="177" type="method" name="renderBorderBottom" visibility="private" complexity="3" crap="3" count="14"/>
      <line num="179" type="stmt" count="14"/>
      <line num="180" type="stmt" count="14"/>
      <line num="181" type="stmt" count="8"/>
      <line num="182" type="stmt" count="8"/>
      <line num="187" type="method" name="renderBorderLeft" visibility="private" complexity="7" crap="7" count="14"/>
      <line num="189" type="stmt" count="14"/>
      <line num="190" type="stmt" count="14"/>
      <line num="191" type="stmt" count="8"/>
      <line num="192" type="stmt" count="8"/>
      <line num="193" type="stmt" count="8"/>
      <line num="194" type="stmt" count="8"/>
      <line num="195" type="stmt" count="7"/>
      <line num="197" type="stmt" count="7"/>
      <line num="203" type="method" name="renderBorderRight" visibility="private" complexity="7" crap="7" count="14"/>
      <line num="205" type="stmt" count="14"/>
      <line num="206" type="stmt" count="14"/>
      <line num="207" type="stmt" count="14"/>
      <line num="208" type="stmt" count="8"/>
      <line num="209" type="stmt" count="8"/>
      <line num="210" type="stmt" count="8"/>
      <line num="212" type="stmt" count="8"/>
      <line num="213" type="stmt" count="8"/>
      <line num="215" type="stmt" count="8"/>
      <line num="217" type="stmt" count="7"/>
      <line num="223" type="method" name="renderBySprites" visibility="protected" complexity="4" crap="4" count="14"/>
      <line num="225" type="stmt" count="14"/>
      <line num="226" type="stmt" count="14"/>
      <line num="227" type="stmt" count="14"/>
      <line num="228" type="stmt" count="14"/>
      <line num="229" type="stmt" count="14"/>
      <line num="230" type="stmt" count="14"/>
      <line num="231" type="stmt" count="6"/>
      <line num="237" type="method" name="getSprite" visibility="private" complexity="6" crap="6" count="14"/>
      <line num="239" type="stmt" count="14"/>
      <line num="240" type="stmt" count="14"/>
      <line num="241" type="stmt" count="14"/>
      <line num="242" type="stmt" count="14"/>
      <line num="243" type="stmt" count="14"/>
      <line num="244" type="stmt" count="14"/>
      <line num="246" type="stmt" count="14"/>
      <line num="249" type="method" name="isFS" visibility="private" complexity="2" crap="2" count="14"/>
      <line num="251" type="stmt" count="14"/>
      <line num="254" type="method" name="pattern" visibility="private" complexity="3" crap="3" count="14"/>
      <line num="256" type="stmt" count="14"/>
      <line num="280" type="stmt" count="14"/>
      <line num="281" type="stmt" count="6"/>
      <line num="283" type="stmt" count="14"/>
      <metrics loc="288" ncloc="285" classes="1" methods="23" coveredmethods="23" conditionals="0" coveredconditionals="0" statements="118" coveredstatements="118" elements="141" coveredelements="141"/>
    </file>
    <file name="/var/code/src/VPA/Console/Glyphs/GlyphInline.php">
      <class name="VPA\Console\Glyphs\GlyphInline" namespace="global">
        <metrics complexity="3" methods="2" coveredmethods="2" conditionals="0" coveredconditionals="0" statements="8" coveredstatements="8" elements="10" coveredelements="10"/>
      </class>
      <line num="11" type="method" name="__construct" visibility="public" complexity="1" crap="1" count="34"/>
      <line num="13" type="stmt" count="34"/>
      <line num="14" type="stmt" count="34"/>
      <line num="23" type="method" name="setAlign" visibility="public" complexity="2" crap="2" count="4"/>
      <line num="25" type="stmt" count="4"/>
      <line num="26" type="stmt" count="4"/>
      <line num="27" type="stmt" count="1"/>
      <line num="29" type="stmt" count="3"/>
      <line num="30" type="stmt" count="3"/>
      <metrics loc="33" ncloc="33" classes="1" methods="2" coveredmethods="2" conditionals="0" coveredconditionals="0" statements="8" coveredstatements="8" elements="10" coveredelements="10"/>
    </file>
    <file name="/var/code/src/VPA/Console/Glyphs/Page.php">
      <class name="VPA\Console\Glyphs\Page" namespace="global">
        <metrics complexity="2" methods="2" coveredmethods="2" conditionals="0" coveredconditionals="0" statements="4" coveredstatements="4" elements="6" coveredelements="6"/>
      </class>
      <line num="11" type="method" name="__construct" visibility="public" complexity="1" crap="1" count="8"/>
      <line num="13" type="stmt" count="8"/>
      <line num="14" type="stmt" count="8"/>
      <line num="17" type="method" name="getDocumentWidth" visibility="public" complexity="1" crap="1" count="2"/>
      <line num="19" type="stmt" count="2"/>
      <metrics loc="22" ncloc="22" classes="1" methods="2" coveredmethods="2" conditionals="0" coveredconditionals="0" statements="4" coveredstatements="4" elements="6" coveredelements="6"/>
    </file>
    <file name="/var/code/src/VPA/Console/Glyphs/Row.php">
      <class name="VPA\Console\Glyphs\Row" namespace="global">
        <metrics complexity="3" methods="3" coveredmethods="3" conditionals="0" coveredconditionals="0" statements="10" coveredstatements="10" elements="13" coveredelements="13"/>
      </class>
      <line num="8" type="method" name="addCell" visibility="public" complexity="1" crap="1" count="13"/>
      <line num="10" type="stmt" count="13"/>
      <line num="12" type="stmt" count="13"/>
      <line num="13" type="stmt" count="13"/>
      <line num="14" type="stmt" count="13"/>
      <line num="15" type="stmt" count="13"/>
      <line num="17" type="stmt" count="13"/>
      <line num="18" type="stmt" count="13"/>
      <line num="19" type="stmt" count="13"/>
      <line num="22" type="method" name="getWidthByContent" visibility="public" complexity="1" crap="1" count="8"/>
      <line num="24" type="stmt" count="8"/>
      <line num="27" type="method" name="getHeightByContent" visibility="public" complexity="1" crap="1" count="8"/>
      <line num="29" type="stmt" count="8"/>
      <metrics loc="31" ncloc="30" classes="1" methods="3" coveredmethods="3" conditionals="0" coveredconditionals="0" statements="10" coveredstatements="10" elements="13" coveredelements="13"/>
    </file>
    <file name="/var/code/src/VPA/Console/Glyphs/Table.php">
      <class name="VPA\Console\Glyphs\Table" namespace="global">
        <metrics complexity="18" methods="3" coveredmethods="2" conditionals="0" coveredconditionals="0" statements="60" coveredstatements="59" elements="63" coveredelements="61"/>
      </class>
      <line num="9" type="method" name="addRow" visibility="public" complexity="1" crap="1" count="13"/>
      <line num="11" type="stmt" count="13"/>
      <line num="13" type="stmt" count="13"/>
      <line num="14" type="stmt" count="13"/>
      <line num="15" type="stmt" count="13"/>
      <line num="16" type="stmt" count="13"/>
      <line num="18" type="stmt" count="13"/>
      <line num="19" type="stmt" count="13"/>
      <line num="20" type="stmt" count="13"/>
      <line num="23" type="method" name="getWidthByContent" visibility="public" complexity="8" crap="8" count="11"/>
      <line num="25" type="stmt" count="11"/>
      <line num="26" type="stmt" count="11"/>
      <line num="27" type="stmt" count="9"/>
      <line num="28" type="stmt" count="9"/>
      <line num="29" type="stmt" count="9"/>
      <line num="32" type="stmt" count="11"/>
      <line num="33" type="stmt" count="11"/>
      <line num="34" type="stmt" count="11"/>
      <line num="35" type="stmt" count="9"/>
      <line num="36" type="stmt" count="9"/>
      <line num="37" type="stmt" count="9"/>
      <line num="39" type="stmt" count="11"/>
      <line num="40" type="stmt" count="9"/>
      <line num="41" type="stmt" count="9"/>
      <line num="42" type="stmt" count="9"/>
      <line num="43" type="stmt" count="9"/>
      <line num="44" type="stmt" count="9"/>
      <line num="45" type="stmt" count="9"/>
      <line num="46" type="stmt" count="9"/>
      <line num="47" type="stmt" count="9"/>
      <line num="48" type="stmt" count="9"/>
      <line num="49" type="stmt" count="9"/>
      <line num="53" type="stmt" count="11"/>
      <line num="54" type="stmt" count="11"/>
      <line num="55" type="stmt" count="11"/>
      <line num="58" type="method" name="getHeightByContent" visibility="public" complexity="9" crap="9" count="11"/>
      <line num="60" type="stmt" count="11"/>
      <line num="61" type="stmt" count="11"/>
      <line num="63" type="stmt" count="11"/>
      <line num="64" type="stmt" count="10"/>
      <line num="65" type="stmt" count="10"/>
      <line num="66" type="stmt" count="10"/>
      <line num="67" type="stmt" count="10"/>
      <line num="70" type="stmt" count="11"/>
      <line num="71" type="stmt" count="0"/>
      <line num="73" type="stmt" count="11"/>
      <line num="74" type="stmt" count="11"/>
      <line num="76" type="stmt" count="11"/>
      <line num="77" type="stmt" count="10"/>
      <line num="78" type="stmt" count="10"/>
      <line num="80" type="stmt" count="11"/>
      <line num="81" type="stmt" count="11"/>
      <line num="82" type="stmt" count="10"/>
      <line num="83" type="stmt" count="10"/>
      <line num="84" type="stmt" count="10"/>
      <line num="85" type="stmt" count="10"/>
      <line num="86" type="stmt" count="10"/>
      <line num="87" type="stmt" count="10"/>
      <line num="88" type="stmt" count="10"/>
      <line num="89" type="stmt" count="10"/>
      <line num="92" type="stmt" count="11"/>
      <line num="93" type="stmt" count="11"/>
      <line num="94" type="stmt" count="11"/>
      <metrics loc="96" ncloc="93" classes="1" methods="3" coveredmethods="2" conditionals="0" coveredconditionals="0" statements="60" coveredstatements="59" elements="63" coveredelements="61"/>
    </file>
    <file name="/var/code/src/VPA/Console/Glyphs/Text.php">
      <class name="VPA\Console\Glyphs\Text" namespace="global">
        <metrics complexity="13" methods="4" coveredmethods="3" conditionals="0" coveredconditionals="0" statements="44" coveredstatements="43" elements="48" coveredelements="46"/>
      </class>
      <line num="12" type="method" name="setValue" visibility="public" complexity="1" crap="1" count="31"/>
      <line num="14" type="stmt" count="31"/>
      <line num="15" type="stmt" count="31"/>
      <line num="16" type="stmt" count="31"/>
      <line num="17" type="stmt" count="31"/>
      <line num="19" type="stmt" count="31"/>
      <line num="20" type="stmt" count="31"/>
      <line num="21" type="stmt" count="31"/>
      <line num="22" type="stmt" count="31"/>
      <line num="25" type="method" name="getValue" visibility="public" complexity="1" crap="2" count="0"/>
      <line num="27" type="stmt" count="0"/>
      <line num="30" type="method" name="render" visibility="public" complexity="6" crap="6" count="31"/>
      <line num="32" type="stmt" count="31"/>
      <line num="33" type="stmt" count="31"/>
      <line num="34" type="stmt" count="31"/>
      <line num="36" type="stmt" count="31"/>
      <line num="37" type="stmt" count="31"/>
      <line num="38" type="stmt" count="31"/>
      <line num="39" type="stmt" count="31"/>
      <line num="40" type="stmt" count="31"/>
      <line num="41" type="stmt" count="31"/>
      <line num="42" type="stmt" count="31"/>
      <line num="43" type="stmt" count="29"/>
      <line num="44" type="stmt" count="1"/>
      <line num="45" type="stmt" count="1"/>
      <line num="47" type="stmt" count="31"/>
      <line num="48" type="stmt" count="31"/>
      <line num="49" type="stmt" count="31"/>
      <line num="51" type="stmt" count="31"/>
      <line num="52" type="stmt" count="31"/>
      <line num="53" type="stmt" count="31"/>
      <line num="54" type="stmt" count="31"/>
      <line num="55" type="stmt" count="31"/>
      <line num="57" type="stmt" count="31"/>
      <line num="58" type="stmt" count="31"/>
      <line num="59" type="stmt" count="31"/>
      <line num="60" type="stmt" count="31"/>
      <line num="61" type="stmt" count="31"/>
      <line num="64" type="method" name="splitText" visibility="private" complexity="5" crap="5" count="31"/>
      <line num="66" type="stmt" count="31"/>
      <line num="67" type="stmt" count="31"/>
      <line num="68" type="stmt" count="31"/>
      <line num="69" type="stmt" count="31"/>
      <line num="70" type="stmt" count="31"/>
      <line num="71" type="stmt" count="31"/>
      <line num="72" type="stmt" count="31"/>
      <line num="73" type="stmt" count="31"/>
      <line num="76" type="stmt" count="31"/>
      <metrics loc="79" ncloc="79" classes="1" methods="4" coveredmethods="3" conditionals="0" coveredconditionals="0" statements="44" coveredstatements="43" elements="48" coveredelements="46"/>
    </file>
    <file name="/var/code/src/VPA/Console/Nodes.php">
      <class name="VPA\Console\Nodes" namespace="global">
        <metrics complexity="3" methods="3" coveredmethods="3" conditionals="0" coveredconditionals="0" statements="16" coveredstatements="16" elements="19" coveredelements="19"/>
      </class>
      <line num="14" type="method" name="addTable" visibility="public" complexity="1" crap="1" count="8"/>
      <line num="16" type="stmt" count="8"/>
      <line num="17" type="stmt" count="8"/>
      <line num="18" type="stmt" count="8"/>
      <line num="19" type="stmt" count="8"/>
      <line num="22" type="method" name="addDiv" visibility="public" complexity="1" crap="1" count="4"/>
      <line num="24" type="stmt" count="4"/>
      <line num="25" type="stmt" count="4"/>
      <line num="26" type="stmt" count="4"/>
      <line num="27" type="stmt" count="4"/>
      <line num="30" type="method" name="addText" visibility="public" complexity="1" crap="1" count="26"/>
      <line num="32" type="stmt" count="26"/>
      <line num="34" type="stmt" count="26"/>
      <line num="35" type="stmt" count="26"/>
      <line num="36" type="stmt" count="26"/>
      <line num="37" type="stmt" count="26"/>
      <line num="39" type="stmt" count="26"/>
      <line num="40" type="stmt" count="26"/>
      <line num="41" type="stmt" count="26"/>
      <metrics loc="43" ncloc="42" classes="1" methods="3" coveredmethods="3" conditionals="0" coveredconditionals="0" statements="16" coveredstatements="16" elements="19" coveredelements="19"/>
    </file>
    <file name="/var/code/src/VPA/Console/Shell.php">
      <class name="VPA\Console\Shell" namespace="global">
        <metrics complexity="5" methods="1" coveredmethods="0" conditionals="0" coveredconditionals="0" statements="5" coveredstatements="4" elements="6" coveredelements="4"/>
      </class>
      <line num="10" type="method" name="getDocumentWidthFromOS" visibility="public" complexity="3" crap="3.07" count="1"/>
      <line num="12" type="stmt" count="1"/>
      <line num="13" type="stmt" count="1"/>
      <line num="14" type="stmt" count="0"/>
      <line num="15" type="stmt" count="1"/>
      <line num="16" type="stmt" count="1"/>
      <metrics loc="37" ncloc="31" classes="1" methods="1" coveredmethods="0" conditionals="0" coveredconditionals="0" statements="5" coveredstatements="4" elements="6" coveredelements="4"/>
    </file>
    <file name="/var/code/src/VPA/Console/Symbol.php">
      <class name="VPA\Console\Symbol" namespace="global">
        <metrics complexity="17" methods="12" coveredmethods="11" conditionals="0" coveredconditionals="0" statements="27" coveredstatements="23" elements="39" coveredelements="34"/>
      </class>
      <line num="12" type="method" name="__construct" visibility="public" complexity="1" crap="1" count="58"/>
      <line num="14" type="stmt" count="58"/>
      <line num="17" type="method" name="setMode" visibility="public" complexity="1" crap="1" count="32"/>
      <line num="19" type="stmt" count="32"/>
      <line num="22" type="method" name="setColor" visibility="public" complexity="1" crap="1" count="32"/>
      <line num="24" type="stmt" count="32"/>
      <line num="27" type="method" name="setBackgroundColor" visibility="public" complexity="1" crap="1" count="32"/>
      <line num="29" type="stmt" count="32"/>
      <line num="32" type="method" name="setConfig" visibility="public" complexity="1" crap="1" count="32"/>
      <line num="34" type="stmt" count="32"/>
      <line num="35" type="stmt" count="32"/>
      <line num="36" type="stmt" count="32"/>
      <line num="37" type="stmt" count="32"/>
      <line num="40" type="method" name="getCode" visibility="public" complexity="1" crap="1" count="9"/>
      <line num="42" type="stmt" count="9"/>
      <line num="45" type="method" name="getAlias" visibility="public" complexity="1" crap="1" count="14"/>
      <line num="47" type="stmt" count="14"/>
      <line num="50" type="method" name="__toString" visibility="public" complexity="1" crap="1" count="5"/>
      <line num="52" type="stmt" count="5"/>
      <line num="53" type="stmt" count="5"/>
      <line num="56" type="method" name="equalsCode" visibility="public" complexity="1" crap="1" count="3"/>
      <line num="58" type="stmt" count="3"/>
      <line num="61" type="method" name="equals" visibility="public" complexity="1" crap="1" count="4"/>
      <line num="63" type="stmt" count="4"/>
      <line num="66" type="method" name="is" visibility="public" complexity="1" crap="1" count="8"/>
      <line num="68" type="stmt" count="8"/>
      <line num="71" type="method" name="colorizeText" visibility="protected" complexity="6" crap="7.73" count="6"/>
      <line num="73" type="stmt" count="6"/>
      <line num="75" type="stmt" count="6"/>
      <line num="76" type="stmt" count="6"/>
      <line num="77" type="stmt" count="6"/>
      <line num="79" type="stmt" count="0"/>
      <line num="80" type="stmt" count="0"/>
      <line num="82" type="stmt" count="6"/>
      <line num="83" type="stmt" count="0"/>
      <line num="84" type="stmt" count="6"/>
      <line num="85" type="stmt" count="0"/>
      <line num="87" type="stmt" count="6"/>
      <metrics loc="90" ncloc="90" classes="1" methods="12" coveredmethods="11" conditionals="0" coveredconditionals="0" statements="27" coveredstatements="23" elements="39" coveredelements="34"/>
    </file>
    <file name="/var/code/src/VPA/Console/SymbolMode.php">
      <class name="VPA\Console\SymbolMode" namespace="global">
        <metrics complexity="0" methods="0" coveredmethods="0" conditionals="0" coveredconditionals="0" statements="0" coveredstatements="0" elements="0" coveredelements="0"/>
      </class>
      <metrics loc="25" ncloc="18" classes="0" methods="0" coveredmethods="0" conditionals="0" coveredconditionals="0" statements="0" coveredstatements="0" elements="0" coveredelements="0"/>
    </file>
    <file name="/var/code/src/VPA/Console/TableDisplayMode.php">
      <class name="VPA\Console\TableDisplayMode" namespace="global">
        <metrics complexity="0" methods="0" coveredmethods="0" conditionals="0" coveredconditionals="0" statements="0" coveredstatements="0" elements="0" coveredelements="0"/>
      </class>
      <metrics loc="19" ncloc="10" classes="0" methods="0" coveredmethods="0" conditionals="0" coveredconditionals="0" statements="0" coveredstatements="0" elements="0" coveredelements="0"/>
    </file>
    <metrics files="20" loc="1410" ncloc="1369" classes="15" methods="98" coveredmethods="91" conditionals="0" coveredconditionals="0" statements="516" coveredstatements="506" elements="614" coveredelements="597"/>
  </project>
</coverage>
